[2026-06-23 12:41:49] [INFO] Card authentication failed - no matching account.
[2026-06-23 12:42:07] [INFO] Card authentication failed - no matching account.
[2026-06-23 12:42:15] [INFO] Card authentication succeeded for John Doe.
[2026-06-23 12:42:18] [INFO] PIN authentication succeeded for John Doe.
[2026-06-23 12:42:56] [INFO] Account data updated for John Doe and saved to JSON file.
[2026-06-23 12:44:41] [INFO] Card authentication succeeded for John Doe.
[2026-06-23 12:44:44] [INFO] PIN authentication succeeded for John Doe.
[2026-06-23 12:44:58] [INFO] Account data updated for John Doe and saved to JSON file.
[2026-06-23 12:46:35] [INFO] Card authentication failed - no matching account.
[2026-06-23 12:46:43] [INFO] Card authentication succeeded for John Doe.
[2026-06-23 12:46:47] [INFO] PIN authentication succeeded for John Doe.
[2026-06-23 12:46:58] [INFO] Card authentication succeeded for John Doe.
[2026-06-23 12:47:01] [INFO] PIN authentication failed for John Doe.
[2026-06-23 12:47:09] [INFO] Card authentication succeeded for John Doe.
[2026-06-23 12:47:12] [INFO] PIN authentication succeeded for John Doe.
[2026-06-23 12:51:09] [INFO] Account data updated for John Doe and saved to JSON file.
[2026-06-23 12:52:19] [INFO] Card authentication succeeded for Jane Smith.
[2026-06-23 12:52:22] [INFO] PIN authentication succeeded for Jane Smith.
[2026-06-23 12:56:53] [INFO] Card authentication succeeded for Jane Smith.
[2026-06-23 12:56:57] [INFO] PIN authentication succeeded for Jane Smith.
[2026-06-23 12:57:26] [INFO] Account data updated for Jane Smith and saved to JSON file.
